1714835440521:login sasha 0000
1714835442847:help
1714835445637:query help
1714835459145:exit
1714840612406:login dodster777 0000
1714840614380:jwt
1714841218644:login dodster777 0000
1714841221408:help
1714841225824:query help
1714841229975:info
1714841233956:query info
1714841251251:login dodster777 0000
1714841253213:s info
1714841256073:s help
1714908395444:s se
1714908410078:se x
1714908411748:sex
1714908414732:s show
1714908417405:sex
1714947747554:help
1714947754502:jwt
1714947758937:help
1714948549651:login dod 0000
1714948748304:register dod 0000
1714948791612:register dod
1714948907335:register dodster777 123
1714949000689:login dodster777 0000
1714949016327:register kkk 1234
1714949024449:register kkk 0000
1714949052886:login kkk 1234
1714949056328:login afijaf 2131
1714949060552:login kkk 0000
1714949129731:login kkk 1234
1714949133470:login kkk 0000
1714949138727:login kkkk 0000
1714949144358:login kkk 00000
1714949148032:login kkk 0000
1714949161710:register nnn 123
1714949223960:register nnn 000
1714949278543:register ooko 000
1714949282714:register ooko 001
1714997695462:help
1714997700154:jwt
1715086416742:s help
1715086421905:login dodster777 0000
1715086423821:help
1715086427401:s help
1715086430190:s show
